<?xml version="1.0" encoding="UTF-8"?>
<!-- Generated by org.testng.reporters.JUnitXMLReporter -->
<testsuite ignored="3" hostname="EM-011-AHILARAJ-R" failures="0" tests="1" name="Test1" time="5.964" errors="0" timestamp="2025-12-18T07:56:41 IST">
  <testcase classname="testscript.LoginTest" name="verifyUserLogiWithInvalidCredentials" time="2.075"/>
  <testcase classname="testscript.LoginTest" name="verifyUserLogiWithValidCredentials" time="0.0">
    <ignored/>
  </testcase> <!-- verifyUserLogiWithValidCredentials -->
  <testcase classname="testscript.LoginTest" name="verifyUserLogiWithInvalidUsername" time="0.0">
    <ignored/>
  </testcase> <!-- verifyUserLogiWithInvalidUsername -->
  <testcase classname="testscript.LoginTest" name="verifyUserLogiWithInvalidPassword" time="0.0">
    <ignored/>
  </testcase> <!-- verifyUserLogiWithInvalidPassword -->
</testsuite> <!-- Test1 -->
