<?xml version="1.0" encoding="UTF-8"?>
<testng-results ignored="0" total="1" passed="1" failed="0" skipped="0">
  <reporter-output>
  </reporter-output>
  <suite started-at="2025-12-22T07:49:40 IST" name="Suite" finished-at="2025-12-22T07:49:46 IST" duration-ms="6247">
    <groups>
    </groups>
    <test started-at="2025-12-22T07:49:40 IST" name="Test" finished-at="2025-12-22T07:49:46 IST" duration-ms="6247">
      <class name="testscript.HomeTest">
        <test-method is-config="true" signature="initializeBrowser(java.lang.String)[pri:0, instance:testscript.HomeTest@2d29b4ee]" started-at="2025-12-22T07:49:40 IST" name="initializeBrowser" finished-at="2025-12-22T07:49:43 IST" duration-ms="3260" status="PASS">
          <params>
            <param index="0">
              <value>
                <![CDATA[chrome]]>
              </value>
            </param>
          </params>
          <reporter-output>
          </reporter-output>
        </test-method> <!-- initializeBrowser -->
        <test-method signature="verifyUserIsAbletoSuccessfullyLoggedOut()[pri:0, instance:testscript.HomeTest@2d29b4ee]" started-at="2025-12-22T07:49:43 IST" name="verifyUserIsAbletoSuccessfullyLoggedOut" description="user is trying to logout" finished-at="2025-12-22T07:49:46 IST" duration-ms="2938" status="PASS">
          <reporter-output>
          </reporter-output>
        </test-method> <!-- verifyUserIsAbletoSuccessfullyLoggedOut -->
        <test-method is-config="true" signature="driverQuit(org.testng.ITestResult)[pri:0, instance:testscript.HomeTest@2d29b4ee]" started-at="2025-12-22T07:49:46 IST" name="driverQuit" finished-at="2025-12-22T07:49:46 IST" duration-ms="2" status="PASS">
          <params>
            <param index="0">
              <value>
                <![CDATA[[TestResult name=verifyUserIsAbletoSuccessfullyLoggedOut status=SUCCESS method=HomeTest.verifyUserIsAbletoSuccessfullyLoggedOut()[pri:0, instance:testscript.HomeTest@2d29b4ee] output={null}]]]>
              </value>
            </param>
          </params>
          <reporter-output>
          </reporter-output>
        </test-method> <!-- driverQuit -->
      </class> <!-- testscript.HomeTest -->
    </test> <!-- Test -->
  </suite> <!-- Suite -->
</testng-results>
